make html          
Running Sphinx v8.0.2
loading translations [en]... done

Extension error:
Could not import extension sphinxcontrib.applehelp (exception: cannot import name 'SkipProgressMessage' from 'sphinx.util' (/opt/anaconda3/lib/python3.11/site-packages/sphinx/util/__init__.py))
make: *** [html] Error 2

--> how to fix: 

(base) anupkaul@147dda4c0851 docs % pip install --upgrade Sphinx
Requirement already satisfied: Sphinx in /opt/anaconda3/lib/python3.11/site-packages (8.0.2)
Collecting Sphinx
  Downloading sphinx-8.2.3-py3-none-any.whl.metadata (7.0 kB)
Collecting sphinxcontrib-applehelp>=1.0.7 (from Sphinx)
  Downloading sphinxcontrib_applehelp-2.0.0-py3-none-any.whl.metadata (2.3 kB)
Collecting sphinxcontrib-devhelp>=1.0.6 (from Sphinx)
  Downloading sphinxcontrib_devhelp-2.0.0-py3-none-any.whl.metadata (2.3 kB)
Collecting sphinxcontrib-htmlhelp>=2.0.6 (from Sphinx)
  Downloading sphinxcontrib_htmlhelp-2.1.0-py3-none-any.whl.metadata (2.3 kB)
Requirement already satisfied: sphinxcontrib-jsmath>=1.0.1 in /opt/anaconda3/lib/python3.11/site-packages (from Sphinx) (1.0.1)
Collecting sphinxcontrib-qthelp>=1.0.6 (from Sphinx)
  Downloading sphinxcontrib_qthelp-2.0.0-py3-none-any.whl.metadata (2.3 kB)
Requirement already satisfied: sphinxcontrib-serializinghtml>=1.1.9 in /opt/anaconda3/lib/python3.11/site-packages (from Sphinx) (2.0.0)
Requirement already satisfied: Jinja2>=3.1 in /opt/anaconda3/lib/python3.11/site-packages (from Sphinx) (3.1.3)
Requirement already satisfied: Pygments>=2.17 in /opt/anaconda3/lib/python3.11/site-packages (from Sphinx) (2.19.2)
Requirement already satisfied: docutils<0.22,>=0.20 in /opt/anaconda3/lib/python3.11/site-packages (from Sphinx) (0.20.1)
Requirement already satisfied: snowballstemmer>=2.2 in /opt/anaconda3/lib/python3.11/site-packages (from Sphinx) (2.2.0)
Requirement already satisfied: babel>=2.13 in /opt/anaconda3/lib/python3.11/site-packages (from Sphinx) (2.17.0)
Requirement already satisfied: alabaster>=0.7.14 in /opt/anaconda3/lib/python3.11/site-packages (from Sphinx) (1.0.0)
Requirement already satisfied: imagesize>=1.3 in /opt/anaconda3/lib/python3.11/site-packages (from Sphinx) (1.4.1)
Requirement already satisfied: requests>=2.30.0 in /opt/anaconda3/lib/python3.11/site-packages (from Sphinx) (2.32.2)
Collecting roman-numerals-py>=1.0.0 (from Sphinx)
  Downloading roman_numerals_py-3.1.0-py3-none-any.whl.metadata (3.6 kB)
Requirement already satisfied: packaging>=23.0 in /opt/anaconda3/lib/python3.11/site-packages (from Sphinx) (24.2)
Requirement already satisfied: MarkupSafe>=2.0 in /opt/anaconda3/lib/python3.11/site-packages (from Jinja2>=3.1->Sphinx) (2.1.3)
Requirement already satisfied: charset-normalizer<4,>=2 in /opt/anaconda3/lib/python3.11/site-packages (from requests>=2.30.0->Sphinx) (2.0.4)
Requirement already satisfied: idna<4,>=2.5 in /opt/anaconda3/lib/python3.11/site-packages (from requests>=2.30.0->Sphinx) (3.7)
Requirement already satisfied: urllib3<3,>=1.21.1 in /opt/anaconda3/lib/python3.11/site-packages (from requests>=2.30.0->Sphinx) (2.0.7)
Requirement already satisfied: certifi>=2017.4.17 in /opt/anaconda3/lib/python3.11/site-packages (from requests>=2.30.0->Sphinx) (2024.7.4)
Downloading sphinx-8.2.3-py3-none-any.whl (3.6 MB)
   ━━━━━━━━━━━━━━━━━━━━━━━━━━━━━━━━━━━━━━━━ 3.6/3.6 MB 26.3 MB/s eta 0:00:00
Downloading roman_numerals_py-3.1.0-py3-none-any.whl (7.7 kB)
Downloading sphinxcontrib_applehelp-2.0.0-py3-none-any.whl (119 kB)
   ━━━━━━━━━━━━━━━━━━━━━━━━━━━━━━━━━━━━━━━━ 119.3/119.3 kB 3.9 MB/s eta 0:00:00
Downloading sphinxcontrib_devhelp-2.0.0-py3-none-any.whl (82 kB)
   ━━━━━━━━━━━━━━━━━━━━━━━━━━━━━━━━━━━━━━━━ 82.5/82.5 kB 2.0 MB/s eta 0:00:00
Downloading sphinxcontrib_htmlhelp-2.1.0-py3-none-any.whl (98 kB)
   ━━━━━━━━━━━━━━━━━━━━━━━━━━━━━━━━━━━━━━━━ 98.7/98.7 kB 2.5 MB/s eta 0:00:00
Downloading sphinxcontrib_qthelp-2.0.0-py3-none-any.whl (88 kB)
   ━━━━━━━━━━━━━━━━━━━━━━━━━━━━━━━━━━━━━━━━ 88.7/88.7 kB 2.5 MB/s eta 0:00:00
Installing collected packages: sphinxcontrib-qthelp, sphinxcontrib-htmlhelp, sphinxcontrib-devhelp, sphinxcontrib-applehelp, roman-numerals-py, Sphinx
  Attempting uninstall: sphinxcontrib-qthelp
    Found existing installation: sphinxcontrib-qthelp 1.0.3
    Uninstalling sphinxcontrib-qthelp-1.0.3:
      Successfully uninstalled sphinxcontrib-qthelp-1.0.3
  Attempting uninstall: sphinxcontrib-htmlhelp
    Found existing installation: sphinxcontrib-htmlhelp 2.0.0
    Uninstalling sphinxcontrib-htmlhelp-2.0.0:
      Successfully uninstalled sphinxcontrib-htmlhelp-2.0.0
  Attempting uninstall: sphinxcontrib-devhelp
    Found existing installation: sphinxcontrib-devhelp 1.0.2
    Uninstalling sphinxcontrib-devhelp-1.0.2:
      Successfully uninstalled sphinxcontrib-devhelp-1.0.2
  Attempting uninstall: sphinxcontrib-applehelp
    Found existing installation: sphinxcontrib-applehelp 1.0.2
    Uninstalling sphinxcontrib-applehelp-1.0.2:
      Successfully uninstalled sphinxcontrib-applehelp-1.0.2
  Attempting uninstall: Sphinx
    Found existing installation: Sphinx 8.0.2
    Uninstalling Sphinx-8.0.2:
      Successfully uninstalled Sphinx-8.0.2
Successfully installed Sphinx-8.2.3 roman-numerals-py-3.1.0 sphinxcontrib-applehelp-2.0.0 sphinxcontrib-devhelp-2.0.0 sphinxcontrib-htmlhelp-2.1.0 sphinxcontrib-qthelp-2.0.0
(base) anupkaul@147dda4c0851 docs % 


